c:\users\daniel\source\repos\ahmedabdulkader99\restaurant-sim\restaurant\debug\vc142.pdb
c:\users\daniel\source\repos\ahmedabdulkader99\restaurant-sim\restaurant\debug\vc142.idb
c:\users\daniel\source\repos\ahmedabdulkader99\restaurant-sim\restaurant\debug\restaurant.obj
c:\users\daniel\source\repos\ahmedabdulkader99\restaurant-sim\restaurant\debug\region.obj
c:\users\daniel\source\repos\ahmedabdulkader99\restaurant-sim\restaurant\debug\order.obj
c:\users\daniel\source\repos\ahmedabdulkader99\restaurant-sim\restaurant\debug\motorcycle.obj
c:\users\daniel\source\repos\ahmedabdulkader99\restaurant-sim\restaurant\debug\gui.obj
c:\users\daniel\source\repos\ahmedabdulkader99\restaurant-sim\restaurant\debug\promotionevent.obj
c:\users\daniel\source\repos\ahmedabdulkader99\restaurant-sim\restaurant\debug\arrivalevent.obj
c:\users\daniel\source\repos\ahmedabdulkader99\restaurant-sim\restaurant\debug\event.obj
c:\users\daniel\source\repos\ahmedabdulkader99\restaurant-sim\restaurant\debug\cancellationevent.obj
c:\users\daniel\source\repos\ahmedabdulkader99\restaurant-sim\restaurant\debug\main.obj
c:\users\daniel\source\repos\ahmedabdulkader99\restaurant-sim\restaurant\debug\windowinput.obj
c:\users\daniel\source\repos\ahmedabdulkader99\restaurant-sim\restaurant\debug\mousequeue.obj
c:\users\daniel\source\repos\ahmedabdulkader99\restaurant-sim\restaurant\debug\keyqueue.obj
c:\users\daniel\source\repos\ahmedabdulkader99\restaurant-sim\restaurant\debug\image.obj
c:\users\daniel\source\repos\ahmedabdulkader99\restaurant-sim\restaurant\debug\colors.obj
c:\users\daniel\source\repos\ahmedabdulkader99\restaurant-sim\restaurant\debug\cmugraphics.obj
c:\users\daniel\source\repos\ahmedabdulkader99\restaurant-sim\restaurant\debug\jerror.obj
c:\users\daniel\source\repos\ahmedabdulkader99\restaurant-sim\restaurant\debug\jdtrans.obj
c:\users\daniel\source\repos\ahmedabdulkader99\restaurant-sim\restaurant\debug\jdsample.obj
c:\users\daniel\source\repos\ahmedabdulkader99\restaurant-sim\restaurant\debug\jdpostct.obj
c:\users\daniel\source\repos\ahmedabdulkader99\restaurant-sim\restaurant\debug\jdphuff.obj
c:\users\daniel\source\repos\ahmedabdulkader99\restaurant-sim\restaurant\debug\jdmerge.obj
c:\users\daniel\source\repos\ahmedabdulkader99\restaurant-sim\restaurant\debug\jdmaster.obj
c:\users\daniel\source\repos\ahmedabdulkader99\restaurant-sim\restaurant\debug\jdmarker.obj
c:\users\daniel\source\repos\ahmedabdulkader99\restaurant-sim\restaurant\debug\jdmainct.obj
c:\users\daniel\source\repos\ahmedabdulkader99\restaurant-sim\restaurant\debug\jdinput.obj
c:\users\daniel\source\repos\ahmedabdulkader99\restaurant-sim\restaurant\debug\jdhuff.obj
c:\users\daniel\source\repos\ahmedabdulkader99\restaurant-sim\restaurant\debug\jddctmgr.obj
c:\users\daniel\source\repos\ahmedabdulkader99\restaurant-sim\restaurant\debug\jdcolor.obj
c:\users\daniel\source\repos\ahmedabdulkader99\restaurant-sim\restaurant\debug\jdcoefct.obj
c:\users\daniel\source\repos\ahmedabdulkader99\restaurant-sim\restaurant\debug\jdatasrc.obj
c:\users\daniel\source\repos\ahmedabdulkader99\restaurant-sim\restaurant\debug\jdapistd.obj
c:\users\daniel\source\repos\ahmedabdulkader99\restaurant-sim\restaurant\debug\jdapimin.obj
c:\users\daniel\source\repos\ahmedabdulkader99\restaurant-sim\restaurant\debug\jcparam.obj
c:\users\daniel\source\repos\ahmedabdulkader99\restaurant-sim\restaurant\debug\jcomapi.obj
c:\users\daniel\source\repos\ahmedabdulkader99\restaurant-sim\restaurant\debug\jpegload.obj
c:\users\daniel\source\repos\ahmedabdulkader99\restaurant-sim\restaurant\debug\jutils.obj
c:\users\daniel\source\repos\ahmedabdulkader99\restaurant-sim\restaurant\debug\jquant2.obj
c:\users\daniel\source\repos\ahmedabdulkader99\restaurant-sim\restaurant\debug\jquant1.obj
c:\users\daniel\source\repos\ahmedabdulkader99\restaurant-sim\restaurant\debug\jmemnobs.obj
c:\users\daniel\source\repos\ahmedabdulkader99\restaurant-sim\restaurant\debug\jmemmgr.obj
c:\users\daniel\source\repos\ahmedabdulkader99\restaurant-sim\restaurant\debug\jidctred.obj
c:\users\daniel\source\repos\ahmedabdulkader99\restaurant-sim\restaurant\debug\jidctint.obj
c:\users\daniel\source\repos\ahmedabdulkader99\restaurant-sim\restaurant\debug\jidctfst.obj
c:\users\daniel\source\repos\ahmedabdulkader99\restaurant-sim\restaurant\debug\jidctflt.obj
c:\users\daniel\source\repos\ahmedabdulkader99\restaurant-sim\debug\restaurant.ilk
c:\users\daniel\source\repos\ahmedabdulkader99\restaurant-sim\debug\restaurant.exe
c:\users\daniel\source\repos\ahmedabdulkader99\restaurant-sim\debug\restaurant.pdb
c:\users\daniel\source\repos\ahmedabdulkader99\restaurant-sim\restaurant\debug\restaurant.tlog\cl.command.1.tlog
c:\users\daniel\source\repos\ahmedabdulkader99\restaurant-sim\restaurant\debug\restaurant.tlog\cl.read.1.tlog
c:\users\daniel\source\repos\ahmedabdulkader99\restaurant-sim\restaurant\debug\restaurant.tlog\cl.write.1.tlog
c:\users\daniel\source\repos\ahmedabdulkader99\restaurant-sim\restaurant\debug\restaurant.tlog\link.command.1.tlog
c:\users\daniel\source\repos\ahmedabdulkader99\restaurant-sim\restaurant\debug\restaurant.tlog\link.read.1.tlog
c:\users\daniel\source\repos\ahmedabdulkader99\restaurant-sim\restaurant\debug\restaurant.tlog\link.write.1.tlog
